So I think we can not live if old people could not find science and technologies and they did not develop .
For not use the car .
There was no promise of morning except that we looked up through the trees and we saw how low the forest had swung .
Thus even today sex is considered as the least important topic in many parts of India .
The image you have is that you are in a factory just to do one thing , like put on your car , if they fire you , you will destroy you , because you do n't know more than you 're in a car .
They draw the consumers , like me , to purchase this great product with all these amazing ingredients and all that , but actually they just sometimes make something up just to increase their sales .
I want to talk about nice or bad products like alcohol , hair spray and cigarettes .
For example , they can play football whenever they want but they can not .
It 's a figure that Diana is all wearing a Rolex watch and has a text that suggests that if the reader wants to belong to the restricted club , not necessarily of Rolex watch wearers , but of highly talented , sophisticated and competent artists , he or she should also have a Rolex .
There are several reasons .
Also the work of the media , television , magazines , and every stuff made for publicity affects the emotions of many people around the world , encouraging them to buy and buy anything they can .
Since most urban areas are occupied with cars , they are all facing up with an irresistible problem of air and noise pollution .
It is true that consumers prefer to buy a product that has a lower price , but when international companies that has already received the certification begin to send it to market , people will prefer to consume theirs because the difference between prices is probably not going to affect them too much .
4:they have a big chance to prepare for their future life .
One person , if they do n't have good health , that means so many things they could lose .
Many studies over the last 5 - 0 years have shown that people who have fluoride in their drinking water are considerably less cavities than people who have not known fluoridated water .
Likewise , the theory generating from the concept of memory is also not the appropriate way to use limited memory .
That 's because they spent more time on meaningful subjects .
I was very fast , my best time was 5 - 5 seconds in 4 - 0 hundred meters , which is a good time in our country .
And young people spend more time in the lifestyle .
If people in this society do not want to study , they will never accept their opportunity or ca n't understand any ideas , so most of the important things are in this situation and I am also very interested in that and also prefer that for the study material .
We have to know this problem , it 's serious but almost all people do n't know about this .
Students can focus on only a few subjects they are interested in and they will become an expert in those areas .
But in the other way the country needs to pay extra money to make and repair the roads What they did is reduce the amount of gas consumers pay , high the gas tax , and low the income tax because they thought , only the gas tax is unfair .
Today , MBA students with a background in engineering are in high demand .
In the case of young people the best way is studying as hard as possible to get better grades so in the future they will have a better chance to find better jobs .
So the school will try learning the students a bit in every science experiment .
I think they have to get on with it .
Specializing in one particular subject does not suit our life in this era which is characterized by diversity and innovation .
I will explain my points of view in the following paragraphs .
He thinks differently from other people and he succeeds .
These activities make the community a better place to live in and inculcate these values in all the members .
Because all those broad knowledge help them to understand their majors in university as well as help them to make a correct choice in specializing study .
And it was very easy for me to understand why he was always so bad at home .
Then when we went to the Science Olympiad , she could have diverse knowledge about the subjects and it was not new for her to think about new things .
If every person thinks to learn and understand lots of scientific subjects , any person will do not do it and as a result of this any science is n't important .
Thus in concordance with the above , I agree , while heartedly , that in twenty years there will be fewer cars in use than there are today .
Third , butt it in the front of the door of the store to make the people see it even if it is not good .
However , are these things all good to people ?
Very soon they will run out at the current rate of utilization .
In the lecture , however , professors oppose reading the statement .
But YOU have to create these opportunities .
Thoughts our lives need to talk about our families .
They try new things .
In order to do this , they would need to learn additional skills , either theoretical or practical , that would increase their understanding and future application of their chosen subject .
If you want a product you have to create a beautiful image around it if you want to sell it .
Secondly , the place of the film must be very clear and the air must be relaxed , etc .
and will put your money on a nonstop learning curve ...
But this will be the proof of a speeding offense so that police can easily catch them .
In today 's Computer is the first important life skill .
He just chooses to learn the truth .
I have never stopped myself to think about this , but this is a real possibility for the future .
Young has his own field and work on it hard , and so do more benefits to the society .
and about the new information there is editors .
If we consider an idea as a totally autonomous concept within the individual process of defining reality , I will state that ideas are useless , not being based on experience .
He/she wants to know everything about the universe , wants to know everything about the God , the death etc. there are some concepts that everyone can encourage a lot of ideas but the facts are not found yet .
It 's so expensive that the only people who can do this besides ours are all living .
They make very high profits year after year and the numbers also increase year after year .
For this reason , the number of cars would be decreased in the future .
So he took it upon himself to narrow his research on this subject , which was a mystery to the world .
Others who do n't have this concept say they will sell uncertified wood .
I did n't have self - confidence .
If there are specialized doctors , the doctor has done the operation very often before , so he is really talented in his job .
So it will be a good situation .
Also , I have traveled in a group without a tour guide .
But the school teachers are the ones who take the future of our generation so we have to give them to get the better knowledge .
So this test is very important with theirs .
But most of the time it is important because most students do n't do it , and this is very important .
Otherwise , it will be a problem for us to understand certain things in life .
I myself like to participate in this kind of activities and meet many people who would like to do so .
Second , the amount of treasure in locations are implausibly large .
He mainly concentrates on the questions asked him at the time of the interview .
Because when we learn about some subjects we should have more information about what we study so that the student will get the information more easily and more better and this is my first reason .
In a market economy the price must reflect costs of the product and consumer 's willingness to buy the product .
For some tour guide who will want to set maximum security , make your trip difficult because you will only have a wonderful view through the bus .
Because the fashionable culture has been changed .
But actually that was so unstable .
It is obvious that after returning it was tired and the night is meant to sleep .
Nowadays , we need a person who is capable of all sorts of work .
Finally , fish farming relates to long - term wastefulness which can pollute the sea .
Establishing connections with other researchers will open the door for new projects with other researchers .
Now I have outstanding scores .
He knows that there is no return in his help to others .
Furthermore , my friends who are nineteen years old , drive their own car , and they would like to always buy another one .
As the cities were smaller , it was less violence , noise , traffic ...
There can not be no bothering and no dazzle .
Even though he knows the advertisement is unreal or looks pretty , he is going to buy the product .
There are several opposing points I observed between lecture and passage .
Even though she does not have a job , she also needs a car to use to pick up her kids or go shopping .
In the early industry , a lot of workers worked together .
It kept Anastasia from living in the American Southwest by very high temperatures ; it caused droughts .
I have several reasons to support my choice .
Because one time you get success and the next time you will , why not ?
While at university , he might specialize in a subject , while still taking a number of other diverse courses .
Now we have all the information around us .
Both of these men have pleaded with situations in an unconventional manner and the results are with everyone to see .
I think this should be an effect in exams .
Moreover , it takes risks because you have to accept both winning and losing , and that is the most important lesson one should learn in order to achieve any kind of objective .
I would like to initiate , myself , whatever I do on my trip to get much out of my trip .
However , one student pointed out my mistakes .
It 's normal to propose something to the client and construct something different , which is the best way ( and it 's legal ) .
And this is how we are transforming our society at the present time : The actual fact of being against this statement is that we are looking at what we want at the moment in order to have a great time .
Not only is this , without a clear understanding of what is being taught , the student would not be able to perform well in the tests .
So for example : a man whose hobbies is playing football , he must want to play the ball day until night and night until day again .
At least I do in my consulting job .
Although the few lucky ones struck gold , most of the people simply vanished as they left their homes , only to be forgotten , and some of them even developed obsessions for the western mirage .
And like the citizens of the developed countries , these people want to possess cars themselves .
If we grip on any subject we get ample exposure greatly and easily .
But on the other hand there is also people that are often convinced by the interesting advertisements they see everywhere , because of this many times they have to face problems with the product that they bought and many times there is no way to give back that product .
They take responsibility for the future of their society and the results , it can be the most helpful thing for society .
So the conclusion is clear .
You can change your views and ideas but you can not change your fact .
An old person has to give way to a younger one no matter whether he likes it or not .
Ever - increasing competency rates force them into frequent business model changes for a compatible transition flexibility .
However , this reading passage casts dots on the speaker 's mention .
However , all of them are limited .
That is what it gives us a lot of opportunity to think .
The placebo effect is not illusion but real , so the drug was effected by the placebo effect .
When I go to travel to see something I want , we do n't know about when it is open or close , even though I study before , it might be suddenly close .
Its cost is half that of other countries but life cycle is the same .
What we do now , we will be able to do later .
According to me , there are two kinds of studies : the ones highly technical and the others .
Thus , we begin to share a little more information and ask on Facebook 's weaker subject .
For example , in a 2 - 0 - 6 world cup final for Germany , as many as one can win team work .
Many scientists obtained clear results of investigations after the facts were on the table , before they could even begin to have theories about them .
This will give rise to a holistic understanding .
They want to make people understand the product is the best and really you can trust in it .
There can be many other theories about migrating , and about the methods of migrating .
Thus , the environmental issue will push more people to consider another way to commute instead of driving a car .
On the other hand , he / she can continue doing what they do well and hope to be noticed .
Video is convenient , but , of course , teachers are concerned about students , so using textbooks gives good ability for students .
They tend to restrict traffic in certain days , hours , increasing parking fees , etc .
For instance , we can consider that evolution exists .
So depending on the study , it would be better in one way or the other one thing is to choose the right one .
I am really sorry to continue like this but right now I am taking the test in a room with 5 more people other than me and we all are taking the test with the computer .
In my opinion it is depended on one particular person .
Many people were killed by the car .
Global warming and greenhouse effects had started recently .
Examples : If the good people still do n't do something wrong , they 've got to respond like thief , robber , thief , thief , criminal and make problems to another people .
For example , when we talk about speed they must understand why it is so dangerous that it is better than if they have antecedents after what they learn .
Therefore people will be able to live with the automobile society and the nature for the future .
Then , how about if the talkative explains the project erroneously ?
One car should be used by three persons , so it is hoped it will lessen the number of cars during the busy hour .
And they can make a product and sell it cheaper than most countries .
Marco Polo used Persian language , not Chinese or Mongolian .
And this is because of their knowledge on many subjects .
The industry of the fish affects these animals because , in this case , companies used the fish in the elaboration of different foods like oil .
And therefore I brought a car immediately .
Although the weatherbeaten factors could be considered , such as the size and shape of the area .
But one of the reasons that the fish is important is that the fish can be a big source for livestock and poultry .
Once the policy mentions in the reading passage .
Such unwritten law is very serious , but our world is furious .
Also , the youth have less mental pressure .
Think about what creates a fire break .
And finally , the third cause is that birds use a type of internal compass , and birds have crystals of the mineral magnetite embedded in their brain .
If the teachers teach them that , they will go to study about that .
Just searching the INTERNET , and we will find out what we want , no matter how many books will stimulate our imagination and how high - quality the book it is .
But in one case , for example , the copper scroll notes merely that treasure is hidden in the divinity of a certain river .
In this case , students learn a concept and it is possible to use it in other fields .
This is the cheapest way for people to have a trip .
The lecturer says it is more important to provide enough fishes to people .
Furthermore , a tour guide will also provide safety and security for the travel , since they already know the do 's and don'ts in the tour .
On the other hand each academic field needs specialists in order to progress .
Which caused her situation to be worse .
For example , one man is a football club fan .
By using new things , which is usually known for them and it includes risk with it .
You can see that in many books , news , newspaper , TV , computer .
When many people were very young , they must have the time to learn and knowledgeable , and they do not have much time to enjoy life as much as possible .
This argument is not only true now , it is also true since , if you want to talk on a live example of Sir David .
Last one is they have to study about disease which means that they will be safe .
The consumers also know how advertisements are .
The -Learns.com.au/sports/sports/sports/sports/s
There are many very successful politicians that have never tried something new .
You can become smarter than the other people .
In my opinion , this statement is groundless and the youngsters today do contribute to their communities to a great extent .
And now because of this man I am writing my essay by computer .
Therefore , we have to reduce sulfur and nitrogen dioxide .
Most of the things I hear are not true .
I think it is very hard to distribute the point and to make everyone want to understand , because when few people started to do so , they would think it is not fair at all , they are the few who are suffering , other people can not get it and continue doing the same thing , it just makes those people think stupid .
Maybe at the beginning , but time after time other animals in the environment will choose them as their new food .
The older man would prefer to enjoy all the time he has , remembering that we live only once .
The scraping will cause heat and heat that (energy ) will go into the car .
You will face huge difficulties in life if you do n't know at least something from every subject .
Younger generations are more adaptable and thus they can adapt to changing technology .
That is why I am here , to be ready for my education , that is , to be specialized in one specific subject that I would like to learn in every detail .
Furthermore the professor denies reading the passage which states that treasure does not exist and it is just fiction .
I chose law and began to study everything about Italian law .
But ideas of how you can solve this problem will actually give you a solution to the problem .
After all , personally , until now , I try to go on a diet and manage my health condition more carefully .
As well as the knowledge , it also plays an important role in the life , which can be acquired by understanding the concepts rather than learning the things .
Most people do n't care about the environment or how consuming cars affect the ozone layer greatly .
In addition , it will have an enigmatic influence on agriculture .
Also , they have more responsibilities than a young person .
The professor said , " This can be changed to the different environment .
This casts doubt on the reading passage 's assertion that fluoride prevents dental cavities .
I , on the other hand , have no major responsibility other than studying .
But the good student must know how to understand and work hard to get the aid .
And the critics use few arguments .
Secondly , the information in videos is very delivered in format , it 's very familiar with students .
It was a reasonable price .
Of course , local businesses that depended on park visitors suffered as a result .
The heart disease patients show improvement when they are taking placebo .
Besides , young people usually like the newest thing , like the iPod or iPad 3 , and I can see that the main part of young people ca n't live happily without music in their ear and movies at home .
They are going to do it and do it for better .
However , people do n't know there and they do n't know how to do it better or what they ca n't do .
Producing vehicles that are more fuel efficient will damage roads and that will cost a lot to repair .
And so measures should be taken to check the fish 's population .
Some said this product is recommended for the most important doctor or something like that .
This creates people to put pressure on .
And there are a lot of scientists who just specialize in one specific subject , discover important concepts or invent things which make our society more convenient .
For example , last month , if you bought a product for skin , actually you bought the product because the advertising got my attention .
Newer vehicles are something that could fly in the sky , but then we need n't worry about traffic jams .
This offers you a lot more possibilities and you can stay at places you like and avoid the ones you do n't like .
But when we are in possession of these products , are we really living a dream ?
But the sulfur dioxide is generated by several natural processes and several human processes .
Sulfur dioxide is released into the air with other pollutants .
One without the other is nothing .
The menhaden are the primary source of protein for livestock and poultry .
I understand people who think that funny movies are more interesting than the others , especially when you watch a movie with friends , because it allows you to have fun with them .
In fact , old buildings are costly to maintain .
While the child spends about five hours or less with his parents , and whenever that child wants to go out he will most probably go out with his friends who are his classmates , so most of his school life will be spent with his classmates , and this will have a great effect on his personality which will determine the way the child will react towards his school and will determine how he will use his life .
They have a broader spectrum of ideas that they can develop into competences throughout their student life .
If someone likes music and someone likes science , and someone is talented in ballet , while someone is not .
I believe that the number of cars may decrease in twenty years ' time for some reasons .
This could help them to develop their thinking power , managing power , and good strategy making power to achieve their goals .
A perfect example of Realpolitics was when Bismarck manipulated the letter written by the king and sent it to the French emperor Napoleon III .
In this case a tour guide can be helpful to complete the trip in very less time as compared to what one might end up spending if one decides to explore the place himself/herself .
What I wanted to say is , that enjoying life can not be put into a definition to test out if somebody is enjoying his or her life because it matches this definition .
But the owner that owns one car dealer can not afford to give him another job , with better conditions and benefits .
It 's very obvious that more cars will be sold there .
Also , the food chain becomes more stronger than it was before , such as rabbits and deer .
For the older generation , the phone , the only function , in some means , is a job , a project , a computer , which makes a call on him with the information related to the job .
According to me , in order to start the career through the success it 's important to have a solid base , that means knowledge and experience .
Therefore , I support the statement that it is more important to understand ideas and concepts than it is to learn facts .
Yes , that 's right but there are some young people who think about the idealism of this country , about their communities in Indonesia , about their friends who ca n't eat , who ca n't go to school , who ca n't go to school .
The time to take a risk can be compensated with consulting others who are more professional than me in sorting out the issues or solving the problem .
However , after prescribed burning , the forests can grow up plentiful , and farmers can get to work more than before .
Or maybe doing what they already know how to do well is better than to be enjoyed with something that sounds new .
But in general , lies do not last very long .
Technology has grown so fast because everyone tries to work on an invention due to some ideas he has developed and concepts that have been applied to this idea from different subject areas .
Hence , from the very beginning , children from this hesitancy from interaction with other people in which time only solidifies .
He actually changed the way he played in the latter part of his career when he won all those championships .
We will continue to invent and produce more sophisticated technology based on our own comfort which will decrease our ability to perform physical activities .
Facts are learned by experience .
In my opinion , if they start one subject , never give up .
This contradicts the reading 's passage that it has bad influences to economics .
The purpose of travel is owning a lot of your time to release your mind , is n't it .
The bass is not the only predator for menhaden , so if people catch more basses the population of another fish will also grow up .
They are today using this way as a creative measure but with the increasing importance of preventive medicine , normal , healthy individuals are also attracted towards not using cars wherever possible .
This shows that people are aware of the disadvantages of getting old .
In fact we will need a lot of places where people are parking all these cars , so we need a lot of projects for this kind of car .
Governments use that money in public use and safety .
Second , Sphinx is known for Old Kingdom kings .
Or , " Is this the right thing to do ? "
I started to have an interest in math , I spent a lot of time to solve math problems and I got a good score at exams , it made me have more passion about math .
Even after school he has to participate in games and other extracurricular activities that are compulsory to attend .
But he has a lot of money and fame but no family life .
Even though the place I went was Kyoto which is the most beautiful city in Japan and they have the most valuable and interesting temples , nothing really remains in my mind after the trip because I was just part of the group and following a tour guide without thinking .
Board knowledge on many subjects is not possible to acquire .
I also think that the A.D.H.D. is a method to feel happy with the people , because you can dream ...
It is more exciting and memorable .
The first clue is that there are rocks near the coast which are considered to be made by Chinese explorers .
However , he is still trying to bring him to success .
Since I was in a group , I should respect the rule .
One good way to be always safe and have a good time is to travel with a group and choose a good tour guide .
I think that there are not anything I want , what a tired city , why my father and mother want to visit this city ?
The lecture against the author 's enlistments follows the reasons .
In addition , once he told me that he will never take the risk of doing other work because he 's been working for it for 1 to 2 years and he is already comfortable with it .
For example , the most famous Thomas Edison was asked a question when he applied for a loan to a bank one more time for his experiments which were failing .
They behave as though they were just spontaneously praising a product during a boring normal conversation .
To my surprise nothing happened .
For example , they do not like to wait much .
But like the lecture , we could discuss the poor and this policy would help to put the right prices to our natural resources and environment .
There are cars that use gas to power them .
They can bring that problem to improve for any company that will produce a new product .
Education is the basis of opportunities and the amount of subjects in which a person has knowledge of his or her opportunities in very important aspects of life like work and even helping others .
It usually makes them to be more positive to do it .
In both advertisements , it is said that these pastes will make your teeth brilliant and brighter .
We must trust ourselves .
That seems why people live for it .
Insufficient closet space , inefficient heating and decaying plumbing makes life harder to live in old houses .
The advertisement says that the car has space for 1 - 0 people when the truth is that the car is just 4 - 4 people , another example is an advertisement of a skin soap , and they said that this soap is the best because they say your skin will be as soft as a fifteen year old princess , or that your skin will be as soft as the Jennifer Lopez 's skin .
That means people who have something that is specializing in one subject could get more chance of hiring .
And Chimps can also remember what they said and almost perfectly remember what they said .
He will consider himself losing the years that he spent on collecting the money .
In addition , the technology in which these mass transport systems function is based primarily on nonconventional sources of energy .
First of all , old houses are not necessarily suited to the needs of modern residents .
Of course he has the risk of failing but imagine the fantastic sensation of victory if his second major is as much as successful as the first one .
There are many people that do n't think before they take a choice .
Third , although the reading passage claims dinosaurs because their bone structure is similar to endothermic , scientists assume that it is not the case .
Ten years ago , a family that consists of five members owns at least two cars and it satisfies the transportation .
For example , we can see on the discovery channel that in wildlife many people are hobbies to learn from the animals .
Actual market requires more specific knowledge than broad knowledge .
Only by breaking out of your normal life can you discover new perspectives in your job and your private area .
I said yes .
But when you be successful you will have a reason for life .
And the most important is to travel without the tour guide .
Fish farming uses lots of special products such as fish and meat .
Lawyers are young people .
Extending the same example , as stated above , it can tell you that during the most worst period of D.C.A.A.C.A.C.C.C.A.C.A.C.C.A.C.A.C.A.A.C.C.A.C.C.C.A.C.C.A.C.C.C.C.A.C.C.C.C.E.C.C.C.C.C.C.C.C.A.C.C.C.C.C.C.C.C.A.C.C.C.C.C.C.C.C.C.C.C.C.C.C.C.C.C.C.C.C.C.C.C.C.C.C.S.C.C.C.C.C.C.C.C.C.C.C.C.C.C.C.C.C.C.C.C.C.C.C.C.C.C.C.C.C.C.C
And when we want to get those energy , we need to develop the ground and soil of oceans , because those energy were found in those places .
New plants could not grow after the fires .
Realist people can be more successful as we can see in history .
They are not at all the same .
It means that , to understand and develop , you should understand the ideas and cultural movements that resulted in a particular period , and help for the occurring of that war , for example .
In the commercials they are all good .
Reading 's passage emphasizes an alternative to prescribing and burning by giving some of the things like " dusting " in this fire to clear out dry and dead shrubs and stimulate the growth of new plant life .
This saves valuable time , and one can invest in more important activity .
But , even if this student passes the course , he/she will not be a successful lawyer in the future about contracts .
In other words , the variety of these towns would give some changes that they might use to encourage people who are interested in old things .
However , there were n't any particles .
That shows that few animals could sustain and survive in this harsh and cold environment .
The way I see it is that , the only thing that guides do is limit you , and even more when you are in a group .
The facts were n't as important as the context .
These ideas and concepts usually contain academic research which are totally reliable and dependent on the facts .
From this , the professor agreed with some ideas and disagreed with some ideas .
But , I went to Juju island more than three times .
But it would have a variety of answers subject to every person 's field of interest .
The second one is to specialize in one specific subject , one has his own taste in studying , so let us talk about this subject .
I think that the car , twenty years from now , will use electric fuel , not gasoline .
After this effort , many companies in the world start taking action to get this decertified .
But is it right ?
Any user who has used any toothpaste definitely knows that this can never be true .
After the construction in 1 - 9 - 0 - 8 of the first commercial car in the world , the man -kind has been subjected to the use of the car .
Everybody loves him and he does the same .
Successful people had gone through lots of hardship .
Younger people are still trying to obtain experience , although they do n't have it already .
And hence ideas and concepts are more reliable than the facts .
This has to do with the signs of our nature that we encounter nowadays .
For example , drivers might memorize where the speed camera is located .
Take toys for example , advertisements that target children in particular are the best example of the way advertisements create a false image of the product .
The cars were our answer to the need to transportation sixty years ago , and they will continue to be twenty more years from now .
They need the cars for many things , such as transportation , water and sanitation .
Because of the requirement of men going to the army , men have to sacrifice their precious time of youth .
If scientists will do something different like this , if they/she can modify the form of carbohydrates like platinized and platinized carbohydrates , then incorporated in fish feed the fish may be more nutritious than previously thought , and if fish utilize more the chances of growth will be more then it may be appreciated by everyone .
While turned out results from both experiences are the same , the method and the time that brings a result is not the same .
Because you do not need to be a hero in order to try new things , you just need to want it and know that any result will be a success in things that you want to learn .
They have to consider the negative side of their suggestion .
In such a situation there is no other way .
In each family , all the components have a car .
I held the map and tried to find all the famous points that had marked on it .
Even the magnitudes on Mars are no evidence of life on Mars .
For example , When I traveled France and Italy alone , I met a person in Nice who was a famous producer of the song in Taiwan .
Finding oil and petrol and digging for it is a very expensive procedure .
I hope those things I learned will help me in the future .
For this reason , the passage said that it is time for the state to take measures to reduce the quantity of sulfur dioxide .
i think there must be many subjects better than one subject .
Also the animal population got better and they recovered really good after the fire .
It provides much work to the industry .
SOME LUCE POINTS IN WALL .
The gas from cars will destroy the environment of the earth and it will heat up .
But in writing we are nearly unable to show the feelings of people , but in the action on TV we can understand well that book .
These kind of fish ca n't live so long in water that contain salt .
Everybody knows that the truth today is that a market in each and every field we are facing , for example , if you are choosing a career in software that you have to master on that subject , then you can easily get a job .
Because you share only a single interest , this makes you a loner .
In addition , students want to learn the language and they want to use it , so when they understand the concepts and the ideas it will help them to learn the language .
Indeed , they can be reduced .
Unfortunately we are individuals and living isolated in the society .
But if they need money for these purposes , they can do a little extra handwork .
Learn more .
However , after that I learned all sides are happening in a company such as marketing , accounting , leadership , financial accounting , and business communication etc. .
An example that confirms or supports my point is clear in the Chinese case .
Furthermore , it is way better to live on knowledge than to guess and comment on facts that anyone could learn through the media .
It is the main source for the cars to be working .
From my personal experience , when I was very busy to find the information , the Internet was very useful and fast too .
But then as it has been rightly said by someone , " We are the victims of our own greed and needs . "
This is very useful for them .
But by then we have already bought the product and end up loosing the money .
And we say that these countries are going to be the next developed countries .
My 1st and 1st and 2th exam is very good .
And if they do n't , they go for another until they know how it works and what is useful to think of it .
I am sure that most of the kids knew that this was not the way their parents taught them , because they do not know why it was wrong or why they should do the way their parents told them .
I think we can see young people working in other countries or working for others with tools like telephones or INTERNET even if they look like they spend their time just for themselves by being a whole day in their room .
Also , most of people prefer to entertain athletics rather than other arts .
Therefore , he likes to do risky and strange things and he enjoys it .
But after a few days , I found myself enjoying it .
However , what if they just work for the field , which they already know how to do well , they might feel sad and tired .
I would love to have broad knowledge to specialize in one specific subject that outweighs the need to have broad knowledge of many academic subjects .
In my opinion if someone thinks one is more important than the other , why not to focus on one ?
And people feel more awkward when it comes to their ears that this is something going on as a current event .
He would never want his business or company to be stagnant .
However , I would prefer traveling by myself with the good pretzels , filled with joy .
But the endocrinologist is very warm and full for the people .
It said it had listened to " success and money " and " attracted money . "
Also they can go for shopping and buying a new fashionable clothes .
It 's really a good film .
After that , it studied in more depth the topics and understood the ideas and concept of the topic .
When the forest is caught on fire the wood turns into ashes , which is potassium .
In my opinion , cars will be too full of use in the twenty years .
But in fact the matter is that a lot of academic subjects can not be used separately .
According to the lecture , management should plan carefully when to hire well - trained people or teach them how to manage the fire in a better way before the fire .
And it is important to have emotions in classes like history or social studies .
In the old age the people have to leave all the burdens and they are spending their own interest in work .
Every time when we meet , I will look forward to the new things .
Although some people say that the treasures are already found .
As far as I am concerned I agree with this statement , however some people are not agree with my opinion .
Car usage in the United States is very important in everyday life , as well as in many countries , and third world countries .
However , companies tend to cut their profits for workers .
Many people are willing to buy these cars .
The other one is the Copper Scroll .
Another solution could be the developing of more fuel efficient cars , which could also be good for America 's car manufacturers who will produce more attractive cars to sell to other countries .
Consequently , I agree to the statement with regard to three reasons : the effect of view , face - to - face with people and the first time .
First of all , the population of the world is going down .
My wife and I always go to Tokyo around December .
Therefore the problem of running out of fuel is out of the question thereby augmenting my view that the number of cars will continue to rise and not decline .
First affection is global warming .
So , Ho Chi Minh city will develop .
People like to drive different types of models and they want something extra in it .
These useful skills that I learned from reality are going to be the greatest gift for my future career , and they can not be found in the textbooks anyway .
That 's why it will not be as hard as it can be .
High cost produces high quality medicine .
This is an important thing .
The books sometimes have an old information so it will be wrong .
Against those problems , people started to use cheaper transportation instead of cars .
However , I agree that having knowledge is being useful whenever we have necessary information .
But when the teacher asked me if I understood it , I said yes .
So if you disagree with the statement and think it is much better to specialize in one specific subject than to have a broad knowledge of many academic subjects .
Raising tax for the gas can be the most effective and possible way to decrease the use of gas in three reasons .
Next , kids are more attractive to the advertisements .
Successful People are explaining how to make and discuss any other problem .
But it 's dangerous , because some drivers make Trumbull with other drivers and then when some drivers crash their car the streets are busy .
Because it is already a fixed date so nobody can create problems with this type of literature .
Also , the professor indicated that the fire should be careful when we use a prescribed fire solution .
If they can not pay the high prices any more , people have to change into a bus or a train .
This will reduce the pollution caused by the carbon dioxide from the cars .
Moreover they have to learn about advanced course material .
The age , in my view , sometimes is a barrier to do something in life .
In simple words , they say they lost their appeal .
For example , nursing students study in a nursing college for three-four years .
I believe , that the product 's quality mentioned in the shows are exactly the same as given in the ads .
Then , define your goals and work hard to achieve them .
Critics of this policy focus on three species ; first , Yellowstone fires scorched a large area of land and therefore a lot of plant species were lost .
In my past experiences , there are some lectures which are completely based on facts , and the chance for me to apply them is just rare .
When you understand the idea , there is one way that you can figure out the statement that you see in the moment .
However , there are a lot of reasons to explain about what the placebo effect does .
In today 's world there is a high and almost unrepresentable thirst for change .
The kids can stay outside every day and play .
Firstly , I think that communities equal human relationships .
It may spoil the health also .
Water is needed for life .
It 's the same thing other people see many times on TV in which people are interested in politics , sports and new technologies and also in space .
As a result , studies in Britain have shown that fluoride increases the activity that can lead to more bone density and therefore less bone fractures among the elderly .
Also , sometimes , people may meet some new friends in the traveling group .
If students just learn facts , they will forget them soon , but this will not happen so easily if they understand properly the concepts that are behind the facts .
As soon as I started completing my homework on time it gradually improved .
But because of the study in this way , of course , I will have so much information , I will also have a lot of information on the book I study .
When you understand the concepts and ideas , it is up to you to prove them , to see if they are really what you have been told , and I think this is the main reason why students prefer facts rather than just understanding ideas and concepts .
For example , if you are attempting to study arts and sciences and to get qualifications in both , you are extraordinary creation .
Therefore , as long as it is a country where I can understand their language , I will travel alone .
Government will try to do something to not pollute the air .
So in this field it is very important to understand all concepts and ideas which they give us and use to solve problems .
Because they went out 2 - 0 in % of the whole carbon emissions .
Try to combine the process of my opinion and it is so easy to understand one thing ( process , as it means ) than to remember many different facts or dates .
It is also taking risks rather than only doing so .
No scientist would have ever come up with their wonderful inventions and the world would have never progressed .
There will be a technological development in the future , but that will only promote the use of public transportation systems , but not cars .
Not being a guide gives you the liberty to visit the places you want to visit at your own pace and with the liberty to deliberately go to any place you want to go .
Usually in the advertisements a presentable face is used when they try to present some modal , nice babies , known as sports men , only to let the product look better than it was .
Not that bungee jumping is something that every young person wants to do but even if he wanted to do it he probably would n't be able to .
Closeup video clips of a juicy hamburger flying around the screen , surely satisfying the models eating it could easily create in the viewers a false sense of being hungry and urge them to hop into their car and drive to a fast food restaurant nearby to get what they have seen .
So only time will tell what actually happens .
As we all know , when we were out , something we ca n't expect would happen , such as disease , accident or something else .
And then , makers of cars need to develop the systems for safety almost completely .
Third , the group agrees that the gas prices in the United States are cheap , and they should aid them to save the environment and people 's health .
Now a day , there are many people who think they are the most important thing and they only have to work for themselves .
But in general , there are many people in a book .
But they do things in a different way than others , which gives them success .
People feel more secure and comfortable to travel with their own car rather than changing several public transportation vehicles and reach their destination far later than they would desire .
The second critical part of this method is that the customer loses all reflexes and that he is not on guard .
As a result , it will be easier for you to learn many things .
In short , these were critical parts that contradicted the reading materials .
I think it 's harder for a successful person to risk something , that could cost much more than others .
If we can have a glance on what is happening in the world through accessing INTERNET in mobile also .
So the importance of communities in society decreased .
But I found that successful people use the money and use their idea for a way to success .
In my case , when I did a job interview , the employer asked me questions about commencement , like society , policy , art , and so on .
At some time they have to face the failure 's and a lot of struggles .
Because it transmits the habitats from Eastern Europe to different places in the world .
Considering a family going shopping on weekends .
But the other reason is that many people see some of these exotic cars as a luxury that encourages the industry .
Now the market is occupied by lots of cars with varying comforts .
It is also undeniable that if a man has diversified knowledge , it would be immediate use .
In my opinion , I think advertisements that make products seem much better than they really are .
So , some people use the car only by moving somewhere .
They have to think twice before performing even routine activities of life .
Most of the actors , soldiers , workers and students are young people .
To respond adequately to the world we live in , we need to understand it first .
In fact , even today most of these systems run on electricity which can be harnessed by several non - polluting ways .
Comparing with older people , they do n't even have enough time to enjoy their life .
Also it 's been on all the sections because we use the headphones , it makes a lot of noise and it 's seriously very hard to stay on track .
They are clean and big and so on .
It 's a rolling stone , rather than a mass grave , " he says .
It is difficult only to watch educations .
And there is a lot of critics concerned that the rewired testing is so long that the decline is valuable for patients .
I have a reason to study English .
Buses should be reserved for spots where there is no possibility to set up tramway routes .
I think that it is not always fair because not all the students work in the same way and with the same responsibility .
Of course , things are new and very risky .
For example , little children are told that we do not cross the street at red light , because it is so dangerous that we can not let kids learn from the crash .
In my opinion , students need to have a knowledge .
So because more people are able to buy cars the demand for cars will increase and so the production of cars will also increase and in the end this means that the number of cars will increase from now to twenty years time .
First , they have spent many time on the computer , so they do n't know how to communicate .
I would also like to say that understanding concepts and ideas is a much more important way of studying for students .
I ordered them and was promised that they would be delivered to my house in a few days .
Now we know that prescribed burning can be repeated every few years , but it 's very expensive to spend every few years .
Second difference between the encyclopedia is that there 's a lot of viruses and hackers in INTERNET and one of the hackers can easily change the information about any kind of topic .
If you want to win a case in court - for example , a case where technical questions are to be considered - it is not enough to just know about the law .
Second , if there is any problem with the goods .
Some people might say"hey how does energy come ? "
But the successful people try to do new things like any machine that can help the people .
However , the problem is how long will it take us to find out that we are actually controlled by the advertisements and the perfect image they gave us ?
Consumers are not likely to buy a pair of trousers when the claim is that they will increase capacity to fly .
Hence , German students will have to work harder , think much more and thus become even more skilled .
One reason is that endangered animals is breaking nature .
I do n't think having overconfidence is more important than having knowledge .
A younger person , however , will need time to define his or her wants in life .
The work should be good , and not just a bundle of meaningless .
It 's always a natural disaster to bring economic damage .
It 's rightly said , life is not about adding years to life but life to years .
First , advertisements make me want to buy something unplanned .
There are two major reasons : it is profit to socialization and mental health .
For these reasons , I have to take a high score on TOEFL .
I believe , this number is increasing and will continue to increase as generations of educated people pass on their wisdom to their children .
In my opinion , the need for community service and volunteerism arises in the absence of adequate resources or when somebody is not fulfilling their responsibilities .
When it consumed that drink , then it came to know that we should not believe the advertisements .
But it is very different from that one in the passage .
I think they just create the impression as well that people are n't going to buy it .
Since I looked in enough areas inside , I bought the car a few days later .
Exactly like the master of none and Jack of all .
The economy would benefit because this would enable it to have a worldwide compete with the car manufacturers .
He and I are good pals but we do n't want to get a lower score than each other .
It is composed by not only senior students but also University students .
One of them is the long - term wastefulness of the process .
And if the knowledge is in all the area 's people , then it gives you an added advantage to your knowledge level .
That is because if I became the member , I could be highly estimated from my friends .
So the government and the scientists are also promoting the use of private cars as they are one of the greatest contributors to air pollution .
People use the public water to drink water .
That will never cause the economic problem .
because this is not very easy to use .
But in my opinion , if you want to be a successful people , you should have to try new things and take risks .
On the other hand , scientists agree that the predators are beneficial to control the population and to the menhaden .
Do we consider her as a smart girl ?
For example , in a chemistry class , when you talk about oxygen that is needed for a burning process , you can give a fact to support your idea , which is that you can put out a fire with a blanket by cutting the oxygen .
Every beginning has its end .
Who we made them together .
They explain the specific points using the examples about dinosaurs 's behavior and physical face .
The lecture mentions about Mongol court records of the time .
It is harmful for many other animals as well as it pollutes the water sources .
At first , this is a right way to give to us , so every teacher is able to make a difference to students .
We do n't usually study these subjects very deeply .
You often find people investing money in inventions only to sustain their own business .
For instance , many people use airplanes , ships , and trains .
As a former Law Teacher at the University of Belgrade , I have experienced the problems students faced when taking their oral law examinations .
First of all , students are very critical and always have many ideas to develop their opinion .
They may go to the house where the elderly person lives , and help to eat food and walk .
There are a lot of big streets in my town .
If you do n't pass the disease to a couple of people , then you 're still enjoying life .
It would be a really wonderful idea .
For example , they can read again if they want , and back to the page that they can not understand or they are impressed .
Tour guides are generally trained and certified by some supervising entities , therefore they are expected to be ready to provide the best possible guide to their customers .
However I still believe that learning facts are important for students .
Meanwhile , you will be able to help each other out of work together after graduation from university .
He usually brings a book , and as something to someone , he wants to understand the book .
Operations room is not a bookmaker office or lottery house .
This means the more languages you know the better you can come along in other countries .
Recently scientists have been working on a new generation lie detector that can perform brain- scanning to find out if a person is telling the truth .
By keeping his focus on one industry and one subject , he ensures that he is updated and fully aware of all the current happenings in the industry .
They had success and they had the power .
It will always be good things for them .
There is going to be a huge market if the product is totally brand new , which is equal to a large chance to make more and lots of money .
Before that , he was all the time under the control of the man , and depending on the economy from him .
But when you are a teenager , you start experiencing some sexual changes , which in contrast changes your way of thinking , thinking more about the other gender than thinking about toys , and would enjoy going out with some friends , then staying home and playing with your toys .
This will help them to get good marks .
By avoiding this it will lead to a much poorer and natural world for our future generations to live in .
In extreme cases , some even gain weight because of this .
Firstly , some emergent events happening in the other countries or areas may happen in the place you live someday in the future .
I feel that with the environmentally friendly benefits and with the attachment that society already has on cars will make people keep riding cars .
I do n't want to go to Eiffel Tower in Paris or The Statue of Liberty in New York when I travel because they are too famous , so I already heard and saw about them .
Others would like to spend more time shopping than going around the place .
I feel this will give jobs to people also because all car companies would have to adjust with this change , from gas and water to fuel use .
As a student who learns many subjects at the same time , I found it very beneficial .
So it is complex , looking after many new employees every year can be difficult .
In this case the advertisements totally make a positive impact on that baby .
Maybe they had enjoyed life in young times too .
Lastly , business owners thought factories would help reduce their overall business expenses by reducing their transportation costs .
When I talk about research I mean to ask people that had the product like friends , family or go to forums on the Internet .
As it is important to see your work in the context of the whole career , he now still benefits from his broadly chosen majors in college .
Successful people have to do things well and do what they already know how to do well .
The students must have improved to get the correct view of the grade .
There are more people in every area .
Firstly , the population of the world is increasing exponentially .
This person guides you through paradise and takes you to wonderful places .
Really successful people gained their fortune by doing something new , something that no one else has ever done before , that means that nobody knew how to do it well and that was their risk .
and you stand anywhere in any subject .
This way anybody can reach success in his life and career .
There will be a lot of members who have gone to the surface of the moon and they will be safely and safely to the earth .
Now let 's take the example of a millionaire who has n't managed to let go of his childish ways .
Without facts there will be no ideas or concepts developed .
For example , when I was a freshman at Meiji University in Japan , my classmates and I traveled for China .
Some people dislike traveling in groups , having to follow strict time schedules , and following rules .
In this case , older people can drink and can go to a lot of places such as night club , bar and so on .
A specialist in any field will have better job opportunities , of course he will not have as many opportunities but whatever it may be , he will be far better .
Second , many of these disadvantages will ease or decrease in the coming years , which will rather make it more popular than at the current time .
The same will happen to taxation on cars and gasoline .
Now- a - day drinking of soda became a diction to most of the people .
Thus a series of people got together and asked me to change the schedule and I could not help accepting their opinions .
Hence , these advertisements may convince people that the brand being advertised is actually the best quality product , when in fact it is not .
But this economic system is the best .
He pointed out that climate plays a role in the erosion of materials .
If they are a family who likes to go to places , they would prefer a car against other vehicles .
If we have a job we like , we will love to do the job no matter how the job is difficult .
If you want to actually know somebody you can spend the whole day with that person or place but if you do not , you do not even speak to that person or even go there .
Is n't an 8 - 7unsuspection used to tell you that the entry has been tampered with .
This is prevented if a broad choice is given .
Usually I do n't want to just put myself in an unknown place .
I think cars will not be replaced completely by new automobile innovations but they will certainly be in fewer numbers .
Now , I am a really happy girl because I find my confidence .
Those advertisements make products seem much better than they really are .
But in contrast , in the lecture , the professor states that it is impossible that video is not expensive .
And to do that we need to move .
Does age actually have an impact on the way you live your own life ?
Robots can work all of the day , and no one is tired .
Eventually , some of them wanted to buy the product .
A successful therapist would need to know that one treatment can help one person but for another it could not be appropriate .
In today 's world we have just developed the first aspect .
I had lots of problems about studying science .
It 's big and important that everyone is conscious of the bad consequences of it 's decline if people continue to prefer laying down at home watching bad TV programs and other ways of easy culture , maybe more attractive to them , but bad for our future .
So we are more successful on the day of the exam .
The professors need them to do a project .
And when you order a big mac and see the size of it , it 's nothing compared to what you saw in the commercial and I feel like it 's roughing it at their face .
But I can not use only my own subject to design a building .
A tough life is never easy : the age does n't depend on when you can be protected or prevented from bad things .
If not , we do not need to start its procedure .
It called it " ballast water . "
If there are many people like me , the fashion market will become developed .
The students must be capable of understanding ideas and concepts , and at the same time , knowing the way how they must be developed .
But we are also able to deal with the probes found with it .
Second , there is evidence that he associates the Sphinx with a known Old Kingdom king .
The companies want to show their product as the best one in the competitive market and in this race they generally mislead the consumer .
First of all , the lecturer thinks that taking the gas tax to reduce the number of gas consumers is not good for economics .
But if he did n't like that , if he wants , he can do another different , but he does n't think that , because he does n't know his own abilities .
And I think that young people were more politically engaged in previous times .
But as we are young our body generates the new cell .
It is a brilliant idea , and you know that you are really good working with small boys and girls , but you have to risk your work , your salary , and this is almost your life for an idea that may or may not work .
It 's modern life now .
Briefly , sharing the cost of a vacation trip is a very good advantage for travel .
There are youths who acquire immense pleasure and self - satisfaction by helping in community work .
In order to get an certification , many food companies around the world have introduced new ecologically friendly practices .
For example , you were working like a broadcaster but in the office and city where you are working .
She knows just what that teacher has told her but no more .
When I have been to Europe by using this , I can save lots of money .
The last one is that the proposed limit on underestimation could mean the reduction of out - of - work people , not just in Menhaden but also in Spain and other countries .
If the status of cars is still at the present level , something else of course will take the place of cars in our lives , but history tells us that advancement will never stop .
On admission to the University the subject breaks down in very many subjects .
They would use bicycles due to the relatively cheap cost and minimal need for maintenance .
It will also be unfair , because it would affect low - income Americans much more seriously than well - educated Americans .
But this is not the situation for the old people .
This might contribute to a decreasing number of cars , especially in developed countries like we found them in Europe for example .
People who are trying to get into good university study by themselves everyday while I play around without reviewing and studying .
But that is a different situation , because at this stage , the graduate will have already guaranteed his/ her bachelors ' degree .
When facing such challenges , only those who are perseverance , determined and always strive until the last minute , despite the risks , can finally be successful .
I was so mad at the tour so since then I like to travel by myself or without a tour .
You can benefit from this knowledge in many situations .
But they are not examples for the whole community .
Governments will not provide a good public transportation system for many years later .
People are not dependent on other people or timescales of , for example , trains , trams and buses .
1 - 0 , 0 - 0 , 1
For example , nobody is going to ask his personal doctor which he sees when he has a flu or if he can also do a heart surgery or organ transplant .
As a young person , you can do some high - risk sports like climbing a mountain , for example , that would be too hard to get an old person to do .
But we can stay on the NET for a long time .
They bring us to far places in quite a fast speed without much human physical exertion .
And people can not be ready to pay the taxes .
Furthermore , there is evidence that all of us will agree .
So we 've gone to the Pink 's hot dog .
In old times , the families tend to live in the same place for ages .
However , many companies joined them and also sell textiles .
And detail is the key element here , especially in the academic domain .
For example , my parents went to a group tour to my country in Korea last summer .
And by this you can learn to gain the knowledge .
People are not and should n't be robots .
I think that young people are not able to think deeply for the things that older people do .
Cars became an important thing in our life .
My friend is the celebrity of the day .
I was upset and depressed .
For instance , when I was a university student , I researched and reported about a community history in groups .
Thus , most of the inhabitants in the rural areas are the old ones .
This is very positive for the company and probably he will get a better position .
While air travel has increased in recent years , there has been no decrease in car travel or car sales .
The product is always presented in a perfect way .
On one hand you have the general practitioners who look at all the basic problems related to the body while on the other hand you have the specialists who only take care of specific areas whether it be an orthopedic surgeon ( related to bones ) , a cardiologist ( related to heart ) or an NET ( ear , nose , throat ) surgeon .
The deification of young or older is not apparent .
Every knowledge is connected to each other .
First , the hunter is the most dangerous thing in this world for the bird .
Hence , in twenty years , the need for a man to go out and get what he wants will be out of question .
Thus , in my view the points made in the lecture surely challenge the specific details of the points made in the reading passage more effectively .
That is to say , not all the old things lead to the failure .
The reason these problems occur is also because of the exam .
But what would be its environmental impact ?
This point affects the environment of the world in case of wasting the energy .
If he satisfied his situation and did not make efforts to overcome himself , not only could he be remembered as a great artist but he also never met any great music .
He may feel afraid or terrible when the same thing happened to him .
Some people might bring a good plan to you .
When older people think like that it 's a big problem with young people .
Many scientists search the area , but they ca n't find particles .
The question : which is more important ; making students to understand ideas and concepts or to learn facts , can be answered based on the level of learning which the student is undertaking .
Some people said that placebo is really a drug , about 3 - 0 percent of patients agree with this idea .
Because they can get a great amount of money from these companies .
The so delicious , golden fries seen on television , might actually be pale , potato stumps , fried to almost perfection in very , very old oil .
Therefore the government in America should decide to raise the gasoline tax that is proposed .
It will eat insects or animals that will do damage to places so that it can avoid losses to repair things .
Parents now have less time to bring up their children , and grandparents might therefore help them more often .
Rather , they have to find a well - paid job .
But I myself am going to have to do it because my brother always talks about it and I agree with that broad knowledge .
And it does n't matter if the person who takes the reins , like all the things he or she has in mind , the important thing is that they make all the things and they prove that they can do a lot of things in their lives , always thinking in good results for themselves and for the whole world .
I once read a report that said during the Vietnam war , more Americans died on roads in their cars than on battlefields .
I know Bill Gates , president of Window Media , is the best of the World Rich .
With only facts , the students can only guess about the reasons behind the facts .
The cost of underground is very cheap in some countries such as France .
For example , it happened to me when I studied the concept of inflation .
It would lead to tremendous air and noise pollution .
I especially practiced for hitting rather than receiving .
People also do not do nothing .
So , to achieve that goal , different techniques are used .
So they will be able to get more knowledge in their free time .
So let 's not lose hope and let the scientists do the job , but if you think being in a traffic jam is a stressful situation it requires time and patience and there are many more disadvantages about the large number of cars .
When I was a senior high school student , I spent all of my time studying textbooks for the tests .
For example , there may be elderly travelers which may cause a slow movement due to their inability to walk fast .
This is evidence , the company that made some products had to pay lots of money to the broadcasting industry .
Many people surrounding you admire you because of your vulnerability , and try to be familiar with you .
First of all , it 's one area that allows us to become more developed .
In 2 - 1st our young people can learn a lot of academic subjects .
Many climbers died because of the coldness and lack of oxygen .
The new things bring the brainstorm which other people can not get .
The government would like to reduce the population with these fishing limits .
Like risking would stop an advancing fire .
I would spend as much time as I want , if I like , visiting the place .
So if you want me to choose right now , I will choose ordinary milk instead of that special kind .
But these days our communications are also in very good shape .
They sometimes teach poor people who can not afford to go to college , and also , they teach poor kids , too .
If you randomly find a hotel , it might be either too expensive , or it could be unsafe .
But not moving and always keeping to old things can not improve a person 's life .
Local communities have the main role of protecting children if such children are their own children or not .
But if they are urged to understand the concept that is being passed and interact with the information , the learning process will take place in a completely different way .
How they found their work place or food , so they had no space for their communities in their mind .
His success belongs to his new try .
But if one of the majors in art also learns something about natural science , he will be lucky to be equipped with the ability to think more logically .
Movies and television shows provide a lot of information about how real life is .
There is no way for this to be another example of a bottle of juice that is so bad that they make their shape wonderful , like making it colorful .
It is because they do not think the new thing to promote or make the people feel very good .
Other tourists would teach you some tips for the travel with their experience .
The government also should try to reduce the striped bass population .
Lots of memories with enough time to remember will increase the possibility of enjoyment .
Scenes of violence can affect people on the streets .
While the communities in general have reckoned that they need support from the young people but must have made an appeal of it in a reasonable sense .
